Arguments: 
  C:\Program Files\nodejs\node.exe C:\Program Files (x86)\Yarn\bin\yarn.js add jquery

PATH: 
  C:\Users\lantan\WebstormProjects\pbg_v1-0\node_modules\.bin;C:\Python38\Scripts\;C:\Python38\;C:\WINDOWS;C:\WINDOWS\system32;C:\WINDOWS\system32\Wbem;C:\PROGRA~2\Fiery\APPLIC~1\COMMON~1\EFI;C:\PROGRA~2\Java\jre6\bin;C:\Program Files (x86)\Common Files\Oracle\Java\javapath;C:\WINDOWS\system32;C:\WINDOWS;C:\WINDOWS\System32\Wbem;C:\WINDOWS\System32\WindowsPowerShell\v1.0\;C:\WINDOWS\System32\OpenSSH\;C:\Program Files\Git\cmd;C:\Users\lantan\AppData\Local\atom\bin;C:\Program Files (x86)\Yarn\bin\;C:\Program Files (x86)\NVIDIA Corporation\PhysX\Common;C:\PROGRA~2\COMMON~1\EFI;C:\composer;C:\Program Files\PuTTY\;C:\WINDOWS\System32\Wbem;C:\WINDOWS\System32\WindowsPowerShell\v1.0\;C:\WINDOWS\System32\OpenSSH\;C:\ProgramData\chocolatey\bin;C:\Program Files\nodejs\;C:\Users\lantan\.windows-build-tools\python27\;C:\Users\lantan\.windows-build-tools\python27\;C:\Users\lantan\.windows-build-tools\python27\;C:\Users\lantan\.windows-build-tools\python27\;C:\Users\lantan\.windows-build-tools\python27\;C:\Users\lantan\.windows-build-tools\python27\;C:\Users\lantan\AppData\Local\Microsoft\WindowsApps;C:\Users\lantan\AppData\Local\Yarn\bin;C:\Program Files\heroku\bin;C:\Users\lantan\AppData\Local\now-cli;C:\Users\lantan\AppData\Local\Programs\Microsoft VS Code\bin;";C:\Users\lantan\AppData\Roaming\Composer\vendor\bin";C:\OSPanel\modules\php\PHP-7.2-x64;C:\Users\lantan\AppData\Local\Microsoft\WindowsApps;C:\Users\lantan\AppData\Roaming\npm;C:\Program Files\JetBrains\WebStorm 2020.1\bin;C:\Program Files\JetBrains\WebStorm 2020.1.3\bin

Yarn version: 
  1.9.4

Node version: 
  12.14.1

Platform: 
  win32 x64

Trace: 
  Error: EPERM: operation not permitted, unlink 'C:\Users\lantan\WebstormProjects\pbg_v1-0\node_modules\node-sass\vendor\win32-x64-72\binding.node'

npm manifest: 
  {
      "name": "gulp-pug-starter",
      "description": "Frontend development with pleasure",
      "author": "Andrey Gorokhov",
      "repository": {
          "type": "git",
          "url": "https://github.com/andreyalexeich/gulp-pug-starter.git"
      },
      "license": "MIT",
      "scripts": {
          "dev": "gulp",
          "build": "gulp prod --production",
          "build:views": "gulp views --production",
          "build:styles": "gulp styles --production",
          "build:scripts": "gulp scripts --production",
          "build:images": "gulp images --production",
          "build:webp": "gulp webp --production",
          "build:sprites": "gulp sprites --production",
          "build:fonts": "gulp fonts --production",
          "build:favicons": "gulp favicons --production",
          "build:gzip": "gulp gzip --production",
          "lint:styles": "stylelint \"src/**/*.scss\" --syntax=scss",
          "lint:styles --fix": "stylelint \"src/**/*.scss\" --syntax=scss --fix",
          "lint:scripts": "eslint --color ./src/blocks",
          "lint:scripts --fix": "eslint --fix --color ./src/blocks"
      },
      "devDependencies": {
          "@babel/core": "^7.4.3",
          "@babel/preset-env": "^7.4.3",
          "@babel/register": "^7.4.0",
          "babel-eslint": "~10.0.2",
          "babel-loader": "^8.0.5",
          "bem-tools-core": "bem-tools/bem-tools-core",
          "bem-tools-create": "bem-tools/bem-tools-create",
          "browser-sync": "^2.23.6",
          "del": "^4.1.1",
          "eslint": "~6.0.0",
          "gulp": "^4.0.0",
          "gulp-autoprefixer": "~6.1.0",
          "gulp-clean-css": "~4.2.0",
          "gulp-debug": "~4.0.0",
          "gulp-favicons": "^2.3.1",
          "gulp-group-css-media-queries": "^1.2.2",
          "gulp-if": "^2.0.2",
          "gulp-imagemin": "~6.0.0",
          "gulp-plumber": "^1.2.0",
          "gulp-pug": "^4.0.1",
          "gulp-rename": "^1.2.2",
          "gulp-replace": "^1.0.0",
          "gulp-sass": "~4.0.2",
          "gulp-sourcemaps": "^2.6.4",
          "gulp-svg-sprite": "^1.5.0",
          "gulp-watch": "^5.0.0",
          "gulp-webp": "^4.0.1",
          "husky": "^4.2.1",
          "imagemin-giflossy": "^5.1.10",
          "imagemin-jpeg-recompress": "~6.0.0",
          "imagemin-mozjpeg": "^8.0.0",
          "imagemin-pngquant": "~8.0.0",
          "imagemin-webp": "^5.0.0",
          "imagemin-zopfli": "^6.0.0",
          "lint-staged": "^10.0.3",
          "require-dir": "^1.2.0",
          "stylelint": "^10.0.1",
          "stylelint-order": "^3.0.0",
          "stylelint-selector-bem-pattern": "^2.1.0",
          "webpack": "~4.35.0",
          "webpack-stream": "^5.2.1",
          "yargs": "~13.2.4"
      },
      "dependencies": {
          "smart-grid": "^2.1.2"
      },
      "husky": {
          "hooks": {
              "pre-commit": "lint-staged"
          }
      },
      "lint-staged": {
          "!(_*).scss": [
              "stylelint --fix --color --config ./.stylelintrc"
          ],
          "*.js": [
              "eslint --fix --color"
          ]
      }
  }

yarn manifest: 
  No manifest

Lockfile: 
  No lockfile
